{"/Users/miguelcollado/Projects/frontend-react-challenge/src/server/app.js": {"path":"/Users/miguelcollado/Projects/frontend-react-challenge/src/server/app.js","statementMap":{"0":{"start":{"line":1,"column":16},"end":{"line":1,"column":34}},"1":{"start":{"line":2,"column":15},"end":{"line":2,"column":34}},"2":{"start":{"line":4,"column":12},"end":{"line":4,"column":21}},"3":{"start":{"line":5,"column":0},"end":{"line":5,"column":21}},"4":{"start":{"line":7,"column":0},"end":{"line":7,"column":21}}},"fnMap":{},"branchMap":{},"s":{"0":1,"1":1,"2":1,"3":1,"4":1},"f":{},"b":{},"_coverageSchema":"332fd63041d2c1bcb487cc26dd0d5f7d97098a6c","hash":"fd21e1b4d8a75a2b23aaba9cb33ebd52acf7f132"}
,"/Users/miguelcollado/Projects/frontend-react-challenge/src/server/controller/index.js": {"path":"/Users/miguelcollado/Projects/frontend-react-challenge/src/server/controller/index.js","statementMap":{"0":{"start":{"line":1,"column":15},"end":{"line":1,"column":34}},"1":{"start":{"line":3,"column":21},"end":{"line":8,"column":1}},"2":{"start":{"line":4,"column":2},"end":{"line":7,"column":5}},"3":{"start":{"line":10,"column":23},"end":{"line":21,"column":1}},"4":{"start":{"line":11,"column":21},"end":{"line":11,"column":83}},"5":{"start":{"line":11,"column":42},"end":{"line":11,"column":82}},"6":{"start":{"line":12,"column":3},"end":{"line":17,"column":4}},"7":{"start":{"line":13,"column":7},"end":{"line":16,"column":10}},"8":{"start":{"line":18,"column":3},"end":{"line":20,"column":6}},"9":{"start":{"line":23,"column":0},"end":{"line":26,"column":2}}},"fnMap":{"0":{"name":"(anonymous_0)","decl":{"start":{"line":3,"column":21},"end":{"line":3,"column":22}},"loc":{"start":{"line":3,"column":35},"end":{"line":8,"column":1}},"line":3},"1":{"name":"(anonymous_1)","decl":{"start":{"line":10,"column":23},"end":{"line":10,"column":24}},"loc":{"start":{"line":10,"column":37},"end":{"line":21,"column":1}},"line":10},"2":{"name":"(anonymous_2)","decl":{"start":{"line":11,"column":33},"end":{"line":11,"column":34}},"loc":{"start":{"line":11,"column":42},"end":{"line":11,"column":82}},"line":11}},"branchMap":{"0":{"loc":{"start":{"line":12,"column":3},"end":{"line":17,"column":4}},"type":"if","locations":[{"start":{"line":12,"column":3},"end":{"line":17,"column":4}},{"start":{"line":12,"column":3},"end":{"line":17,"column":4}}],"line":12}},"s":{"0":1,"1":1,"2":1,"3":1,"4":0,"5":0,"6":0,"7":0,"8":0,"9":1},"f":{"0":1,"1":0,"2":0},"b":{"0":[0,0]},"_coverageSchema":"332fd63041d2c1bcb487cc26dd0d5f7d97098a6c","hash":"ae31a61f53d4c698f4bd5055d30ddf47eaa3103f"}
,"/Users/miguelcollado/Projects/frontend-react-challenge/src/server/model/index.js": {"path":"/Users/miguelcollado/Projects/frontend-react-challenge/src/server/model/index.js","statementMap":{"0":{"start":{"line":2,"column":13},"end":{"line":2,"column":14}},"1":{"start":{"line":3,"column":19},"end":{"line":5,"column":1}},"2":{"start":{"line":4,"column":1},"end":{"line":4,"column":17}},"3":{"start":{"line":7,"column":17},"end":{"line":32,"column":1}},"4":{"start":{"line":34,"column":0},"end":{"line":34,"column":26}}},"fnMap":{"0":{"name":"(anonymous_0)","decl":{"start":{"line":3,"column":19},"end":{"line":3,"column":20}},"loc":{"start":{"line":3,"column":25},"end":{"line":5,"column":1}},"line":3}},"branchMap":{},"s":{"0":1,"1":1,"2":3,"3":1,"4":1},"f":{"0":3},"b":{},"_coverageSchema":"332fd63041d2c1bcb487cc26dd0d5f7d97098a6c","hash":"9d24949794a9a560f83184b092686fe5120e4ed9"}
,"/Users/miguelcollado/Projects/frontend-react-challenge/src/server/routes/index.js": {"path":"/Users/miguelcollado/Projects/frontend-react-challenge/src/server/routes/index.js","statementMap":{"0":{"start":{"line":1,"column":16},"end":{"line":1,"column":34}},"1":{"start":{"line":2,"column":19},"end":{"line":2,"column":43}},"2":{"start":{"line":3,"column":15},"end":{"line":3,"column":31}},"3":{"start":{"line":5,"column":0},"end":{"line":5,"column":47}},"4":{"start":{"line":6,"column":0},"end":{"line":6,"column":53}},"5":{"start":{"line":8,"column":0},"end":{"line":8,"column":24}}},"fnMap":{},"branchMap":{},"s":{"0":1,"1":1,"2":1,"3":1,"4":1,"5":1},"f":{},"b":{},"_coverageSchema":"332fd63041d2c1bcb487cc26dd0d5f7d97098a6c","hash":"bdeda063cfd34e1e5347498931af801466ceac3b"}
}
